<?xml version="1.0" encoding="UTF-8"?>
<testsuite name="co.com.parking.dominio.unitarias.ServicioCalendarioImplTest" tests="4" skipped="0" failures="0" errors="0" timestamp="2018-05-25T16:58:04" hostname="DANIEL-RIOS" time="0.008">
  <properties/>
  <testcase name="testObtenerDiasHorasSumarHorasParaUnDia" classname="co.com.parking.dominio.unitarias.ServicioCalendarioImplTest" time="0.006"/>
  <testcase name="testObtenerDiasHorasSumarMinuto" classname="co.com.parking.dominio.unitarias.ServicioCalendarioImplTest" time="0.001"/>
  <testcase name="testObtenerDiasHorasSumarHora" classname="co.com.parking.dominio.unitarias.ServicioCalendarioImplTest" time="0.0"/>
  <testcase name="testObtenerDiasHoras" classname="co.com.parking.dominio.unitarias.ServicioCalendarioImplTest" time="0.0"/>
  <system-out><![CDATA[]]></system-out>
  <system-err><![CDATA[]]></system-err>
</testsuite>
